<?xml version="1.0" encoding="utf-8"?><testsuites name="pytest tests"><testsuite name="pytest" errors="0" failures="0" skipped="0" tests="25" time="20.248" timestamp="2026-06-11T19:16:23.363585+00:00" hostname="agent-env-649e93b3-30c7-4a60-837c-35c61c1ff3a3"><testcase classname="backend.tests.test_blog.TestPublicListing" name="test_blog_posts_returns_only_published" time="0.337" /><testcase classname="backend.tests.test_blog.TestPublicListing" name="test_categories_returns_counts" time="0.074" /><testcase classname="backend.tests.test_blog.TestPublicListing" name="test_tags_returns_counts" time="0.112" /><testcase classname="backend.tests.test_blog.TestPublicSinglePost" name="test_get_existing_post_increments_views" time="0.231" /><testcase classname="backend.tests.test_blog.TestPublicSinglePost" name="test_get_missing_slug_returns_404" time="0.074" /><testcase classname="backend.tests.test_blog.TestComments" name="test_normal_comment_approved" time="0.145" /><testcase classname="backend.tests.test_blog.TestComments" name="test_comment_with_url_short_body_pending" time="0.154" /><testcase classname="backend.tests.test_blog.TestComments" name="test_comment_invalid_email_422" time="0.159" /><testcase classname="backend.tests.test_blog.TestSubscribe" name="test_new_email_then_duplicate" time="0.247" /><testcase classname="backend.tests.test_blog.TestSubscribe" name="test_invalid_email_422" time="0.077" /><testcase classname="backend.tests.test_blog.TestSitemapRobots" name="test_sitemap_xml" time="0.353" /><testcase classname="backend.tests.test_blog.TestSitemapRobots" name="test_robots_txt" time="0.080" /><testcase classname="backend.tests.test_blog.TestAdminAuthGate" name="test_admin_posts_requires_auth" time="0.076" /><testcase classname="backend.tests.test_blog.TestAdminAuthGate" name="test_admin_subscribers_requires_auth" time="0.078" /><testcase classname="backend.tests.test_blog.TestAdminAuthGate" name="test_admin_ai_requires_auth" time="0.078" /><testcase classname="backend.tests.test_blog.TestAdminCRUD" name="test_create_post_auto_slug" time="0.443" /><testcase classname="backend.tests.test_blog.TestAdminCRUD" name="test_duplicate_slug_auto_suffix" time="0.098" /><testcase classname="backend.tests.test_blog.TestAdminCRUD" name="test_patch_post_and_publish" time="0.101" /><testcase classname="backend.tests.test_blog.TestAdminCRUD" name="test_delete_post" time="0.905" /><testcase classname="backend.tests.test_blog.TestAdminCommentModeration" name="test_status_and_delete" time="0.276" /><testcase classname="backend.tests.test_blog.TestAdminSubscribers" name="test_list_subscribers" time="0.050" /><testcase classname="backend.tests.test_blog.TestAdminAI" name="test_ai_meta" time="4.136" /><testcase classname="backend.tests.test_blog.TestAdminAI" name="test_ai_summary" time="2.250" /><testcase classname="backend.tests.test_blog.TestAdminAI" name="test_ai_keywords_returns_array" time="1.965" /><testcase classname="backend.tests.test_blog.TestAdminAI" name="test_ai_faq_returns_qa_array" time="7.638" /></testsuite></testsuites>