<?xml version="1.0" encoding="utf-8"?><testsuites name="pytest tests"><testsuite name="pytest" errors="0" failures="1" skipped="0" tests="10" time="1.548" timestamp="2026-06-11T20:24:41.560628+00:00" hostname="agent-env-649e93b3-30c7-4a60-837c-35c61c1ff3a3"><testcase classname="backend.tests.test_blog_iter10.TestOgImage" name="test_og_png_returns_image" time="0.335" /><testcase classname="backend.tests.test_blog_iter10.TestOgImage" name="test_og_dimensions_1200x630" time="0.068" /><testcase classname="backend.tests.test_blog_iter10.TestOgImage" name="test_og_cached_second_hit_faster" time="0.116" /><testcase classname="backend.tests.test_blog_iter10.TestOgImage" name="test_og_unknown_slug_404" time="0.048" /><testcase classname="backend.tests.test_blog_iter10.TestOgImage" name="test_og_draft_slug_404" time="0.547" /><testcase classname="backend.tests.test_blog_iter10.TestAuthors" name="test_authors_list_shape" time="0.061" /><testcase classname="backend.tests.test_blog_iter10.TestAuthors" name="test_author_detail_worksoy_admin" time="0.049"><failure message="AssertionError: author posts should be summaries (no content_html)&#10;assert 'content_html' not in {'author_name': 'WorkSoy Admin', 'author_picture': None, 'author_slug': 'worksoy-admin', 'canonical_url': None, ...}">backend/tests/test_blog_iter10.py:163: in test_author_detail_worksoy_admin
    assert "content_html" not in first, "author posts should be summaries (no content_html)"
E   AssertionError: author posts should be summaries (no content_html)
E   assert 'content_html' not in {'author_name': 'WorkSoy Admin', 'author_picture': None, 'author_slug': 'worksoy-admin', 'canonical_url': None, ...}</failure></testcase><testcase classname="backend.tests.test_blog_iter10.TestAuthors" name="test_author_detail_404" time="0.082" /><testcase classname="backend.tests.test_blog_iter10.TestAuthorSlugInSummary" name="test_list_includes_author_slug" time="0.054" /><testcase classname="backend.tests.test_blog_iter10.TestAuthorSlugInSummary" name="test_detail_includes_author_slug" time="0.056" /></testsuite></testsuites>