<?xml version="1.0" encoding="utf-8"?><testsuites name="pytest tests"><testsuite name="pytest" errors="0" failures="1" skipped="0" tests="41" time="22.910" timestamp="2026-06-11T19:54:35.361111+00:00" hostname="agent-env-649e93b3-30c7-4a60-837c-35c61c1ff3a3"><testcase classname="backend.tests.test_blog.TestPublicListing" name="test_blog_posts_returns_only_published" time="0.163" /><testcase classname="backend.tests.test_blog.TestPublicListing" name="test_categories_returns_counts" time="0.041" /><testcase classname="backend.tests.test_blog.TestPublicListing" name="test_tags_returns_counts" time="0.088" /><testcase classname="backend.tests.test_blog.TestPublicSinglePost" name="test_get_existing_post_increments_views" time="0.127" /><testcase classname="backend.tests.test_blog.TestPublicSinglePost" name="test_get_missing_slug_returns_404" time="0.042" /><testcase classname="backend.tests.test_blog.TestComments" name="test_normal_comment_approved" time="0.090" /><testcase classname="backend.tests.test_blog.TestComments" name="test_comment_with_url_short_body_pending" time="0.094" /><testcase classname="backend.tests.test_blog.TestComments" name="test_comment_invalid_email_422" time="0.106" /><testcase classname="backend.tests.test_blog.TestSubscribe" name="test_new_email_then_duplicate" time="0.102" /><testcase classname="backend.tests.test_blog.TestSubscribe" name="test_invalid_email_422" time="0.043" /><testcase classname="backend.tests.test_blog.TestSitemapRobots" name="test_sitemap_xml" time="0.140" /><testcase classname="backend.tests.test_blog.TestSitemapRobots" name="test_robots_txt" time="0.041" /><testcase classname="backend.tests.test_blog.TestAdminAuthGate" name="test_admin_posts_requires_auth" time="0.041" /><testcase classname="backend.tests.test_blog.TestAdminAuthGate" name="test_admin_subscribers_requires_auth" time="0.039" /><testcase classname="backend.tests.test_blog.TestAdminAuthGate" name="test_admin_ai_requires_auth" time="0.048" /><testcase classname="backend.tests.test_blog.TestAdminCRUD" name="test_create_post_auto_slug" time="0.383" /><testcase classname="backend.tests.test_blog.TestAdminCRUD" name="test_duplicate_slug_auto_suffix" time="0.096" /><testcase classname="backend.tests.test_blog.TestAdminCRUD" name="test_patch_post_and_publish" time="0.106" /><testcase classname="backend.tests.test_blog.TestAdminCRUD" name="test_delete_post" time="0.808" /><testcase classname="backend.tests.test_blog.TestAdminCommentModeration" name="test_status_and_delete" time="0.190" /><testcase classname="backend.tests.test_blog.TestAdminSubscribers" name="test_list_subscribers" time="0.053" /><testcase classname="backend.tests.test_blog.TestAdminAI" name="test_ai_meta" time="3.994" /><testcase classname="backend.tests.test_blog.TestAdminAI" name="test_ai_summary" time="2.859" /><testcase classname="backend.tests.test_blog.TestAdminAI" name="test_ai_keywords_returns_array" time="2.171" /><testcase classname="backend.tests.test_blog.TestAdminAI" name="test_ai_faq_returns_qa_array" time="7.727" /><testcase classname="backend.tests.test_blog_iter8.TestListProjection" name="test_list_does_not_include_full_content_html" time="0.126" /><testcase classname="backend.tests.test_blog_iter8.TestListProjection" name="test_single_get_returns_full_content_html" time="0.103" /><testcase classname="backend.tests.test_blog_iter8.TestBleachSanitization" name="test_post_create_strips_xss" time="0.412" /><testcase classname="backend.tests.test_blog_iter8.TestBleachSanitization" name="test_post_patch_strips_xss" time="0.109" /><testcase classname="backend.tests.test_blog_iter8.TestFaqStrictTyping" name="test_invalid_faq_returns_422" time="0.047" /><testcase classname="backend.tests.test_blog_iter8.TestFaqStrictTyping" name="test_valid_faq_persists" time="0.097" /><testcase classname="backend.tests.test_blog_iter8.TestViewCountThrottle" name="test_no_double_increment_same_ip" time="0.243" /><testcase classname="backend.tests.test_blog_iter8.TestViewCountThrottle" name="test_bot_user_agent_no_increment" time="0.541" /><testcase classname="backend.tests.test_blog_iter8.TestNewsletterBucket" name="test_five_subscribes_succeed" time="0.225" /><testcase classname="backend.tests.test_blog_iter8.TestNewsletterBucket" name="test_auth_login_independent_of_subscribe_bucket" time="0.367"><failure message="AssertionError: Auth login was rate-limited after subscribes — buckets are NOT independent: 429&#10;assert 429 != 429&#10; +  where 429 = &lt;Response [429]&gt;.status_code">E   AssertionError: Auth login was rate-limited after subscribes — buckets are NOT independent: 429
    assert 429 != 429
     +  where 429 = &lt;Response [429]&gt;.status_code</failure></testcase><testcase classname="backend.tests.test_blog_iter8.TestRelatedExperts" name="test_returns_array_for_seeded_post" time="0.050" /><testcase classname="backend.tests.test_blog_iter8.TestRelatedExperts" name="test_returns_array_for_first_seeded" time="0.099" /><testcase classname="backend.tests.test_blog_iter8.TestRelatedExperts" name="test_404_for_missing_slug" time="0.049" /><testcase classname="backend.tests.test_blog_iter8.TestRouterSplitSurface" name="test_public_paths" time="0.323" /><testcase classname="backend.tests.test_blog_iter8.TestRouterSplitSurface" name="test_admin_paths_require_auth" time="0.177" /><testcase classname="backend.tests.test_blog_iter8.TestRouterSplitSurface" name="test_admin_paths_with_auth" time="0.259" /></testsuite></testsuites>