<?xml version="1.0" encoding="utf-8"?><testsuites name="pytest tests"><testsuite name="pytest" errors="15" failures="6" skipped="0" tests="88" time="24.321" timestamp="2026-06-11T07:31:44.909390+00:00" hostname="agent-env-e9dbddd0-8a69-4c37-9baa-eca9f6a0a6f4"><testcase classname="backend.tests.backend_test.TestHealth" name="test_health_ok" time="0.131" /><testcase classname="backend.tests.backend_test.TestExperts" name="test_list_returns_25_with_required_fields" time="0.052"><failure message="AssertionError: expected 25 experts, got 22&#10;assert 22 == 25&#10; +  where 22 = len([{'availability': 'Available next week', 'bio': 'Kwame Osei is a senior consulting practitioner with 15 years of experience helping teams ship excellent work. Core focus areas include growth strategy, market entry, m&amp;a diligence.', 'category': 'Consulting', 'certifications': ['MBA'], ...}, {'availability': 'Available now', 'bio': 'David Okonkwo is a senior engineering practitioner with 15 years of experience helping teams ship excellent work. Core focus areas include structural analysis, seismic design, steel design.', 'category': 'Engineering', 'certifications': ['PE', 'SE'], ...}, {'availability': 'Available now', 'bio': 'Sarah Chen is a senior design &amp; ux practitioner with 11 years of experience helping teams ship excellent work. Core focus areas include product design, design systems, user research.', 'category': 'Design &amp; UX', 'certifications': ['Nielsen Norman UX'], ...}, {'availability': 'Available now', 'bio': 'Jonathan Pierce is a senior accounting &amp; tax practitioner with 16 years of experience helping teams ship excellent work. Core focus areas include fundraising, financial modeling, cap tables.', 'category': 'Accounting &amp; Tax', 'certifications': ['MBA', 'CPA'], ...}, {'availability': 'Available now', 'bio': 'Leah Abramson is a senior engineering practitioner with 10 years of experience helping teams ship excellent work. Core focus areas include llm ops, retrieval, model evaluation.', 'category': 'Engineering', 'certifications': [], ...}, {'availability': 'Available next week', 'bio': 'Ana Ferreira is a senior engineering practitioner with 13 years of experience helping teams ship excellent work. Core focus areas include distributed systems, kafka, cloud architecture.', 'category': 'Engineering', 'certifications': ['AWS Solutions Architect Pro'], ...}, ...])">backend/tests/backend_test.py:53: in test_list_returns_25_with_required_fields
    assert len(data) == 25, f"expected 25 experts, got {len(data)}"
E   AssertionError: expected 25 experts, got 22
E   assert 22 == 25
E    +  where 22 = len([{'availability': 'Available next week', 'bio': 'Kwame Osei is a senior consulting practitioner with 15 years of experience helping teams ship excellent work. Core focus areas include growth strategy, market entry, m&amp;a diligence.', 'category': 'Consulting', 'certifications': ['MBA'], ...}, {'availability': 'Available now', 'bio': 'David Okonkwo is a senior engineering practitioner with 15 years of experience helping teams ship excellent work. Core focus areas include structural analysis, seismic design, steel design.', 'category': 'Engineering', 'certifications': ['PE', 'SE'], ...}, {'availability': 'Available now', 'bio': 'Sarah Chen is a senior design &amp; ux practitioner with 11 years of experience helping teams ship excellent work. Core focus areas include product design, design systems, user research.', 'category': 'Design &amp; UX', 'certifications': ['Nielsen Norman UX'], ...}, {'availability': 'Available now', 'bio': 'Jonathan Pierce is a senior accounting &amp; tax practitioner with 16 years of experience helping teams ship excellent work. Core focus areas include fundraising, financial modeling, cap tables.', 'category': 'Accounting &amp; Tax', 'certifications': ['MBA', 'CPA'], ...}, {'availability': 'Available now', 'bio': 'Leah Abramson is a senior engineering practitioner with 10 years of experience helping teams ship excellent work. Core focus areas include llm ops, retrieval, model evaluation.', 'category': 'Engineering', 'certifications': [], ...}, {'availability': 'Available next week', 'bio': 'Ana Ferreira is a senior engineering practitioner with 13 years of experience helping teams ship excellent work. Core focus areas include distributed systems, kafka, cloud architecture.', 'category': 'Engineering', 'certifications': ['AWS Solutions Architect Pro'], ...}, ...])</failure></testcase><testcase classname="backend.tests.backend_test.TestExperts" name="test_filter_by_category_design_ux" time="0.054" /><testcase classname="backend.tests.backend_test.TestExperts" name="test_search_q_tax" time="0.050"><failure message="AssertionError: expected experts matching 'tax'&#10;assert 0 &gt; 0&#10; +  where 0 = len([])">backend/tests/backend_test.py:74: in test_search_q_tax
    assert len(data) &gt; 0, "expected experts matching 'tax'"
E   AssertionError: expected experts matching 'tax'
E   assert 0 &gt; 0
E    +  where 0 = len([])</failure></testcase><testcase classname="backend.tests.backend_test.TestExperts" name="test_sort_rate_asc_and_desc" time="0.100" /><testcase classname="backend.tests.backend_test.TestExperts" name="test_categories_aggregation" time="0.052"><failure message="AssertionError: assert 8 == 5&#10; +  where 8 = &lt;built-in method get of dict object at 0xfb139753e040&gt;('Engineering')&#10; +    where &lt;built-in method get of dict object at 0xfb139753e040&gt; = {'Accounting &amp; Tax': 5, 'Compliance': 3, 'Consulting': 4, 'Design &amp; UX': 5, ...}.get">backend/tests/backend_test.py:96: in test_categories_aggregation
    assert by_cat.get("Engineering") == 5
E   AssertionError: assert 8 == 5
E    +  where 8 = &lt;built-in method get of dict object at 0xfb139753e040&gt;('Engineering')
E    +    where &lt;built-in method get of dict object at 0xfb139753e040&gt; = {'Accounting &amp; Tax': 5, 'Compliance': 3, 'Consulting': 4, 'Design &amp; UX': 5, ...}.get</failure></testcase><testcase classname="backend.tests.backend_test.TestExperts" name="test_get_expert_by_id_and_404" time="0.149" /><testcase classname="backend.tests.backend_test.TestAuth" name="test_register_creates_user_returns_token" time="0.281" /><testcase classname="backend.tests.backend_test.TestAuth" name="test_register_existing_email_400" time="0.049" /><testcase classname="backend.tests.backend_test.TestAuth" name="test_login_seeded_user_or_register" time="0.282" /><testcase classname="backend.tests.backend_test.TestAuth" name="test_login_wrong_password_401" time="0.275" /><testcase classname="backend.tests.backend_test.TestAuth" name="test_me_with_bearer" time="0.106" /><testcase classname="backend.tests.backend_test.TestAuth" name="test_me_without_token_returns_null" time="0.094" /><testcase classname="backend.tests.backend_test.TestAuth" name="test_logout_invalidates_session" time="0.215" /><testcase classname="backend.tests.test_worksoy_flows.TestAdminAuth" name="test_admin_login_ok" time="0.443" /><testcase classname="backend.tests.test_worksoy_flows.TestExpertProfile" name="test_upsert_expert_profile_and_role_upgrade" time="0.671" /><testcase classname="backend.tests.test_worksoy_flows.TestExpertProfile" name="test_admin_approves_expert_through_vetting" time="0.647" /><testcase classname="backend.tests.test_worksoy_flows.TestBriefs" name="test_create_brief_ok" time="0.545" /><testcase classname="backend.tests.test_worksoy_flows.TestBriefs" name="test_create_brief_rejects_bad_budget" time="0.112" /><testcase classname="backend.tests.test_worksoy_flows.TestBriefs" name="test_create_brief_requires_auth" time="0.100" /><testcase classname="backend.tests.test_worksoy_flows.TestBriefs" name="test_list_open_briefs" time="0.100" /><testcase classname="backend.tests.test_worksoy_flows.TestBriefs" name="test_filter_by_category" time="0.094" /><testcase classname="backend.tests.test_worksoy_flows.TestBriefs" name="test_filter_by_q" time="0.098" /><testcase classname="backend.tests.test_worksoy_flows.TestBriefs" name="test_mine_requires_auth" time="0.103" /><testcase classname="backend.tests.test_worksoy_flows.TestBriefs" name="test_mine_returns_current_user_briefs" time="0.091" /><testcase classname="backend.tests.test_worksoy_flows.TestBriefs" name="test_get_brief_by_id" time="0.100" /><testcase classname="backend.tests.test_worksoy_flows.TestBriefs" name="test_get_brief_404" time="0.125" /><testcase classname="backend.tests.test_worksoy_flows.TestProposals" name="test_cannot_propose_to_own_brief" time="0.105" /><testcase classname="backend.tests.test_worksoy_flows.TestProposals" name="test_expert_submits_proposal" time="0.218" /><testcase classname="backend.tests.test_worksoy_flows.TestProposals" name="test_duplicate_proposal_rejected" time="0.110" /><testcase classname="backend.tests.test_worksoy_flows.TestProposals" name="test_owner_only_sees_proposals" time="0.211" /><testcase classname="backend.tests.test_worksoy_flows.TestAcceptFlow" name="test_non_owner_cannot_accept" time="0.097" /><testcase classname="backend.tests.test_worksoy_flows.TestAcceptFlow" name="test_owner_accepts_creates_contract" time="0.218" /><testcase classname="backend.tests.test_worksoy_flows.TestAcceptFlow" name="test_contract_has_two_milestones_25_75" time="0.106" /><testcase classname="backend.tests.test_worksoy_flows.TestAcceptFlow" name="test_contracts_mine_includes_for_both_parties" time="0.205" /><testcase classname="backend.tests.test_worksoy_flows.TestAcceptFlow" name="test_contract_detail_forbidden_for_outsider" time="0.427" /><testcase classname="backend.tests.test_worksoy_flows.TestPayments" name="test_checkout_only_client_can_fund" time="0.835" /><testcase classname="backend.tests.test_worksoy_flows.TestPayments" name="test_payment_status_authz_and_response" time="0.375" /><testcase classname="backend.tests.test_worksoy_flows.TestMilestoneTransitions" name="test_submit_requires_funded" time="0.225" /><testcase classname="backend.tests.test_worksoy_flows.TestMilestoneTransitions" name="test_submit_forbidden_for_non_expert" time="0.209" /><testcase classname="backend.tests.test_worksoy_flows.TestMilestoneTransitions" name="test_release_forbidden_for_non_client" time="0.247" /><testcase classname="backend.tests.test_worksoy_flows.TestMilestoneTransitions" name="test_release_requires_funded_or_submitted" time="0.213" /><testcase classname="backend.tests.test_worksoy_flows.TestMessages" name="test_conversations_mine" time="0.226" /><testcase classname="backend.tests.test_worksoy_flows.TestMessages" name="test_send_and_read_message" time="0.310" /><testcase classname="backend.tests.test_worksoy_flows.TestMessages" name="test_messages_require_participant" time="0.555" /><testcase classname="backend.tests.test_worksoy_flows.TestAdmin" name="test_stats_requires_admin" time="0.128" /><testcase classname="backend.tests.test_worksoy_flows.TestAdmin" name="test_stats_ok_for_admin" time="0.100" /><testcase classname="backend.tests.test_worksoy_flows.TestAdmin" name="test_list_experts_and_vetting_queue" time="0.218" /><testcase classname="backend.tests.test_worksoy_flows.TestAdmin" name="test_verify_and_unverify_expert" time="0.307" /><testcase classname="backend.tests.test_worksoy_flows.TestAdmin" name="test_admin_list_briefs" time="0.106" /><testcase classname="backend.tests.test_worksoy_flows.TestRejectProposal" name="test_reject_is_owner_only" time="0.415" /><testcase classname="backend.tests.test_worksoy_iter3.TestNotifications" name="test_auth_required" time="0.195" /><testcase classname="backend.tests.test_worksoy_iter3.TestNotifications" name="test_proposal_new_triggers_client_notification" time="2.344" /><testcase classname="backend.tests.test_worksoy_iter3.TestNotifications" name="test_proposal_accepted_triggers_expert_notification" time="0.124" /><testcase classname="backend.tests.test_worksoy_iter3.TestNotifications" name="test_unread_count_shape" time="0.098" /><testcase classname="backend.tests.test_worksoy_iter3.TestNotifications" name="test_mark_single_read" time="0.306" /><testcase classname="backend.tests.test_worksoy_iter3.TestNotifications" name="test_mark_read_404_for_unknown_or_other_user" time="0.303" /><testcase classname="backend.tests.test_worksoy_iter3.TestNotifications" name="test_mark_all_read" time="0.211" /><testcase classname="backend.tests.test_worksoy_iter3.TestNotifications" name="test_rejected_proposal_notifies_expert" time="0.473" /><testcase classname="backend.tests.test_worksoy_iter3.TestFileUpload" name="test_upload_requires_auth" time="0.107" /><testcase classname="backend.tests.test_worksoy_iter3.TestFileUpload" name="test_upload_rejects_stranger_scope" time="0.428" /><testcase classname="backend.tests.test_worksoy_iter3.TestFileUpload" name="test_upload_and_download_happy_path" time="0.778" /><testcase classname="backend.tests.test_worksoy_iter3.TestFileUpload" name="test_attach_file_to_message" time="0.428" /><testcase classname="backend.tests.test_worksoy_iter3.TestFileUpload" name="test_too_large_upload_returns_413" time="1.100" /><testcase classname="backend.tests.test_worksoy_iter3.TestReviews" name="test_cannot_review_active_contract" time="0.112" /><testcase classname="backend.tests.test_worksoy_iter3.TestReviews" name="test_review_after_admin_forces_completion" time="0.946" /><testcase classname="backend.tests.test_worksoy_iter3.TestDisputes" name="test_cannot_dispute_pending_milestone" time="0.523" /><testcase classname="backend.tests.test_worksoy_iter3.TestDisputes" name="test_dispute_release_flow" time="0.897" /><testcase classname="backend.tests.test_worksoy_iter3.TestDisputes" name="test_dispute_refund_flow" time="0.653" /><testcase classname="backend.tests.test_worksoy_payouts.TestPayoutStatus" name="test_requires_auth" time="0.327"><failure message="assert 404 == 401&#10; +  where 404 = &lt;Response [404]&gt;.status_code">backend/tests/test_worksoy_payouts.py:82: in test_requires_auth
    assert r.status_code == 401
E   assert 404 == 401
E    +  where 404 = &lt;Response [404]&gt;.status_code</failure></testcase><testcase classname="backend.tests.test_worksoy_payouts.TestPayoutStatus" name="test_fresh_expert_not_connected" time="0.104"><error message="failed on setup with &quot;AssertionError: register failed: 404 404 page not found&#10;  &#10;assert 404 == 200&#10; +  where 404 = &lt;Response [404]&gt;.status_code&quot;">backend/tests/test_worksoy_payouts.py:55: in fresh_expert
    bundle = _register("expert", "payexp")
             ^^^^^^^^^^^^^^^^^^^^^^^^^^^^^
backend/tests/test_worksoy_payouts.py:40: in _register
    assert r.status_code == 200, f"register failed: {r.status_code} {r.text}"
E   AssertionError: register failed: 404 404 page not found
E     
E   assert 404 == 200
E    +  where 404 = &lt;Response [404]&gt;.status_code</error></testcase><testcase classname="backend.tests.test_worksoy_payouts.TestPayoutHistory" name="test_requires_auth" time="0.154"><failure message="assert 404 == 401&#10; +  where 404 = &lt;Response [404]&gt;.status_code">backend/tests/test_worksoy_payouts.py:99: in test_requires_auth
    assert r.status_code == 401
E   assert 404 == 401
E    +  where 404 = &lt;Response [404]&gt;.status_code</failure></testcase><testcase classname="backend.tests.test_worksoy_payouts.TestPayoutHistory" name="test_empty_for_fresh_expert" time="0.000"><error message="failed on setup with &quot;AssertionError: register failed: 404 404 page not found&#10;  &#10;assert 404 == 200&#10; +  where 404 = &lt;Response [404]&gt;.status_code&quot;">backend/tests/test_worksoy_payouts.py:55: in fresh_expert
    bundle = _register("expert", "payexp")
             ^^^^^^^^^^^^^^^^^^^^^^^^^^^^^
backend/tests/test_worksoy_payouts.py:40: in _register
    assert r.status_code == 200, f"register failed: {r.status_code} {r.text}"
E   AssertionError: register failed: 404 404 page not found
E     
E   assert 404 == 200
E    +  where 404 = &lt;Response [404]&gt;.status_code</error></testcase><testcase classname="backend.tests.test_worksoy_payouts.TestPayoutOnboarding" name="test_requires_auth" time="0.139"><failure message="assert 404 == 401&#10; +  where 404 = &lt;Response [404]&gt;.status_code">backend/tests/test_worksoy_payouts.py:110: in test_requires_auth
    assert r.status_code == 401
E   assert 404 == 401
E    +  where 404 = &lt;Response [404]&gt;.status_code</failure></testcase><testcase classname="backend.tests.test_worksoy_payouts.TestPayoutOnboarding" name="test_client_without_expert_profile_403" time="0.135"><error message="failed on setup with &quot;AssertionError: register failed: 404 404 page not found&#10;  &#10;assert 404 == 200&#10; +  where 404 = &lt;Response [404]&gt;.status_code&quot;">backend/tests/test_worksoy_payouts.py:76: in fresh_client
    return _register("client", "paycli")
           ^^^^^^^^^^^^^^^^^^^^^^^^^^^^^
backend/tests/test_worksoy_payouts.py:40: in _register
    assert r.status_code == 200, f"register failed: {r.status_code} {r.text}"
E   AssertionError: register failed: 404 404 page not found
E     
E   assert 404 == 200
E    +  where 404 = &lt;Response [404]&gt;.status_code</error></testcase><testcase classname="backend.tests.test_worksoy_payouts.TestPayoutOnboarding" name="test_expert_gets_onboarding_link_or_clean_502" time="0.000"><error message="failed on setup with &quot;AssertionError: register failed: 404 404 page not found&#10;  &#10;assert 404 == 200&#10; +  where 404 = &lt;Response [404]&gt;.status_code&quot;">backend/tests/test_worksoy_payouts.py:55: in fresh_expert
    bundle = _register("expert", "payexp")
             ^^^^^^^^^^^^^^^^^^^^^^^^^^^^^
backend/tests/test_worksoy_payouts.py:40: in _register
    assert r.status_code == 200, f"register failed: {r.status_code} {r.text}"
E   AssertionError: register failed: 404 404 page not found
E     
E   assert 404 == 200
E    +  where 404 = &lt;Response [404]&gt;.status_code</error></testcase><testcase classname="backend.tests.test_worksoy_payouts.TestAdminPayouts" name="test_list_requires_admin" time="0.000"><error message="failed on setup with &quot;AssertionError: register failed: 404 404 page not found&#10;  &#10;assert 404 == 200&#10; +  where 404 = &lt;Response [404]&gt;.status_code&quot;">backend/tests/test_worksoy_payouts.py:55: in fresh_expert
    bundle = _register("expert", "payexp")
             ^^^^^^^^^^^^^^^^^^^^^^^^^^^^^
backend/tests/test_worksoy_payouts.py:40: in _register
    assert r.status_code == 200, f"register failed: {r.status_code} {r.text}"
E   AssertionError: register failed: 404 404 page not found
E     
E   assert 404 == 200
E    +  where 404 = &lt;Response [404]&gt;.status_code</error></testcase><testcase classname="backend.tests.test_worksoy_payouts.TestAdminPayouts" name="test_list_ok_for_admin" time="0.128"><error message="failed on setup with &quot;AssertionError: admin login failed: 404 404 page not found&#10;  &#10;assert 404 == 200&#10; +  where 404 = &lt;Response [404]&gt;.status_code&quot;">backend/tests/test_worksoy_payouts.py:49: in admin_token
    assert r.status_code == 200, f"admin login failed: {r.status_code} {r.text}"
E   AssertionError: admin login failed: 404 404 page not found
E     
E   assert 404 == 200
E    +  where 404 = &lt;Response [404]&gt;.status_code</error></testcase><testcase classname="backend.tests.test_worksoy_payouts.TestAdminPayouts" name="test_list_filters_by_status" time="0.000"><error message="failed on setup with &quot;AssertionError: admin login failed: 404 404 page not found&#10;  &#10;assert 404 == 200&#10; +  where 404 = &lt;Response [404]&gt;.status_code&quot;">backend/tests/test_worksoy_payouts.py:49: in admin_token
    assert r.status_code == 200, f"admin login failed: {r.status_code} {r.text}"
E   AssertionError: admin login failed: 404 404 page not found
E     
E   assert 404 == 200
E    +  where 404 = &lt;Response [404]&gt;.status_code</error></testcase><testcase classname="backend.tests.test_worksoy_payouts.TestAdminPayouts" name="test_retry_requires_admin" time="0.000"><error message="failed on setup with &quot;AssertionError: register failed: 404 404 page not found&#10;  &#10;assert 404 == 200&#10; +  where 404 = &lt;Response [404]&gt;.status_code&quot;">backend/tests/test_worksoy_payouts.py:55: in fresh_expert
    bundle = _register("expert", "payexp")
             ^^^^^^^^^^^^^^^^^^^^^^^^^^^^^
backend/tests/test_worksoy_payouts.py:40: in _register
    assert r.status_code == 200, f"register failed: {r.status_code} {r.text}"
E   AssertionError: register failed: 404 404 page not found
E     
E   assert 404 == 200
E    +  where 404 = &lt;Response [404]&gt;.status_code</error></testcase><testcase classname="backend.tests.test_worksoy_payouts.TestAdminPayouts" name="test_retry_unknown_payout_404" time="0.000"><error message="failed on setup with &quot;AssertionError: admin login failed: 404 404 page not found&#10;  &#10;assert 404 == 200&#10; +  where 404 = &lt;Response [404]&gt;.status_code&quot;">backend/tests/test_worksoy_payouts.py:49: in admin_token
    assert r.status_code == 200, f"admin login failed: {r.status_code} {r.text}"
E   AssertionError: admin login failed: 404 404 page not found
E     
E   assert 404 == 200
E    +  where 404 = &lt;Response [404]&gt;.status_code</error></testcase><testcase classname="backend.tests.test_managed_service" name="test_01_pool_member_setup" time="1.496" /><testcase classname="backend.tests.test_managed_service" name="test_02_managed_client_setup" time="0.205"><error message="failed on setup with &quot;AssertionError: {&quot;detail&quot;:&quot;Invalid email or password&quot;}&#10;assert 401 == 200&#10; +  where 401 = &lt;Response [401]&gt;.status_code&quot;">backend/tests/test_managed_service.py:57: in client_token
    return _register_or_login(CLIENT_EMAIL, "Passw0rd!", name="Managed Client", role="client")
           ^^^^^^^^^^^^^^^^^^^^^^^^^^^^^^^^^^^^^^^^^^^^^^^^^^^^^^^^^^^^^^^^^^^^^^^^^^^^^^^^^^^
backend/tests/test_managed_service.py:42: in _register_or_login
    assert r.status_code == 200, r.text
E   AssertionError: {"detail":"Invalid email or password"}
E   assert 401 == 200
E    +  where 401 = &lt;Response [401]&gt;.status_code</error></testcase><testcase classname="backend.tests.test_managed_service" name="test_03_task_request_and_assignment" time="0.000"><error message="failed on setup with &quot;AssertionError: {&quot;detail&quot;:&quot;Invalid email or password&quot;}&#10;assert 401 == 200&#10; +  where 401 = &lt;Response [401]&gt;.status_code&quot;">backend/tests/test_managed_service.py:57: in client_token
    return _register_or_login(CLIENT_EMAIL, "Passw0rd!", name="Managed Client", role="client")
           ^^^^^^^^^^^^^^^^^^^^^^^^^^^^^^^^^^^^^^^^^^^^^^^^^^^^^^^^^^^^^^^^^^^^^^^^^^^^^^^^^^^
backend/tests/test_managed_service.py:42: in _register_or_login
    assert r.status_code == 200, r.text
E   AssertionError: {"detail":"Invalid email or password"}
E   assert 401 == 200
E    +  where 401 = &lt;Response [401]&gt;.status_code</error></testcase><testcase classname="backend.tests.test_managed_service" name="test_04_deliverable_review_gate" time="0.000"><error message="failed on setup with &quot;AssertionError: {&quot;detail&quot;:&quot;Invalid email or password&quot;}&#10;assert 401 == 200&#10; +  where 401 = &lt;Response [401]&gt;.status_code&quot;">backend/tests/test_managed_service.py:57: in client_token
    return _register_or_login(CLIENT_EMAIL, "Passw0rd!", name="Managed Client", role="client")
           ^^^^^^^^^^^^^^^^^^^^^^^^^^^^^^^^^^^^^^^^^^^^^^^^^^^^^^^^^^^^^^^^^^^^^^^^^^^^^^^^^^^
backend/tests/test_managed_service.py:42: in _register_or_login
    assert r.status_code == 200, r.text
E   AssertionError: {"detail":"Invalid email or password"}
E   assert 401 == 200
E    +  where 401 = &lt;Response [401]&gt;.status_code</error></testcase><testcase classname="backend.tests.test_managed_service" name="test_05_completion_and_rating" time="0.000"><error message="failed on setup with &quot;AssertionError: {&quot;detail&quot;:&quot;Invalid email or password&quot;}&#10;assert 401 == 200&#10; +  where 401 = &lt;Response [401]&gt;.status_code&quot;">backend/tests/test_managed_service.py:57: in client_token
    return _register_or_login(CLIENT_EMAIL, "Passw0rd!", name="Managed Client", role="client")
           ^^^^^^^^^^^^^^^^^^^^^^^^^^^^^^^^^^^^^^^^^^^^^^^^^^^^^^^^^^^^^^^^^^^^^^^^^^^^^^^^^^^
backend/tests/test_managed_service.py:42: in _register_or_login
    assert r.status_code == 200, r.text
E   AssertionError: {"detail":"Invalid email or password"}
E   assert 401 == 200
E    +  where 401 = &lt;Response [401]&gt;.status_code</error></testcase><testcase classname="backend.tests.test_managed_service" name="test_06_charges_ledger" time="0.000"><error message="failed on setup with &quot;AssertionError: {&quot;detail&quot;:&quot;Invalid email or password&quot;}&#10;assert 401 == 200&#10; +  where 401 = &lt;Response [401]&gt;.status_code&quot;">backend/tests/test_managed_service.py:57: in client_token
    return _register_or_login(CLIENT_EMAIL, "Passw0rd!", name="Managed Client", role="client")
           ^^^^^^^^^^^^^^^^^^^^^^^^^^^^^^^^^^^^^^^^^^^^^^^^^^^^^^^^^^^^^^^^^^^^^^^^^^^^^^^^^^^
backend/tests/test_managed_service.py:42: in _register_or_login
    assert r.status_code == 200, r.text
E   AssertionError: {"detail":"Invalid email or password"}
E   assert 401 == 200
E    +  where 401 = &lt;Response [401]&gt;.status_code</error></testcase><testcase classname="backend.tests.test_managed_service" name="test_07_admin_only_endpoints" time="0.000"><error message="failed on setup with &quot;AssertionError: {&quot;detail&quot;:&quot;Invalid email or password&quot;}&#10;assert 401 == 200&#10; +  where 401 = &lt;Response [401]&gt;.status_code&quot;">backend/tests/test_managed_service.py:57: in client_token
    return _register_or_login(CLIENT_EMAIL, "Passw0rd!", name="Managed Client", role="client")
           ^^^^^^^^^^^^^^^^^^^^^^^^^^^^^^^^^^^^^^^^^^^^^^^^^^^^^^^^^^^^^^^^^^^^^^^^^^^^^^^^^^^
backend/tests/test_managed_service.py:42: in _register_or_login
    assert r.status_code == 200, r.text
E   AssertionError: {"detail":"Invalid email or password"}
E   assert 401 == 200
E    +  where 401 = &lt;Response [401]&gt;.status_code</error></testcase></testsuite></testsuites>