<?xml version="1.0" encoding="utf-8"?><testsuites name="pytest tests"><testsuite name="pytest" errors="0" failures="1" skipped="0" tests="25" time="20.385" timestamp="2026-06-11T19:00:44.160290+00:00" hostname="agent-env-649e93b3-30c7-4a60-837c-35c61c1ff3a3"><testcase classname="backend.tests.test_blog.TestPublicListing" name="test_blog_posts_returns_only_published" time="0.230" /><testcase classname="backend.tests.test_blog.TestPublicListing" name="test_categories_returns_counts" time="0.052" /><testcase classname="backend.tests.test_blog.TestPublicListing" name="test_tags_returns_counts" time="0.049" /><testcase classname="backend.tests.test_blog.TestPublicSinglePost" name="test_get_existing_post_increments_views" time="0.148" /><testcase classname="backend.tests.test_blog.TestPublicSinglePost" name="test_get_missing_slug_returns_404" time="0.045" /><testcase classname="backend.tests.test_blog.TestComments" name="test_normal_comment_approved" time="0.105" /><testcase classname="backend.tests.test_blog.TestComments" name="test_comment_with_url_short_body_pending" time="0.092" /><testcase classname="backend.tests.test_blog.TestComments" name="test_comment_invalid_email_422" time="0.099" /><testcase classname="backend.tests.test_blog.TestSubscribe" name="test_new_email_then_duplicate" time="0.095" /><testcase classname="backend.tests.test_blog.TestSubscribe" name="test_invalid_email_422" time="0.051" /><testcase classname="backend.tests.test_blog.TestSitemapRobots" name="test_sitemap_xml" time="0.108" /><testcase classname="backend.tests.test_blog.TestSitemapRobots" name="test_robots_txt" time="0.047" /><testcase classname="backend.tests.test_blog.TestAdminAuthGate" name="test_admin_posts_requires_auth" time="0.047" /><testcase classname="backend.tests.test_blog.TestAdminAuthGate" name="test_admin_subscribers_requires_auth" time="0.048" /><testcase classname="backend.tests.test_blog.TestAdminAuthGate" name="test_admin_ai_requires_auth" time="0.045" /><testcase classname="backend.tests.test_blog.TestAdminCRUD" name="test_create_post_auto_slug" time="0.442"><failure message="AssertionError: assert 'testpost8fb5f8' == 'test-post-8fb5f8'&#10;  &#10;  - test-post-8fb5f8&#10;  ?     -    -&#10;  + testpost8fb5f8">backend/tests/test_blog.py:235: in test_create_post_auto_slug
    assert d["slug"] == title.lower().replace("_", "-")
E   AssertionError: assert 'testpost8fb5f8' == 'test-post-8fb5f8'
E     
E     - test-post-8fb5f8
E     ?     -    -
E     + testpost8fb5f8</failure></testcase><testcase classname="backend.tests.test_blog.TestAdminCRUD" name="test_duplicate_slug_auto_suffix" time="0.101" /><testcase classname="backend.tests.test_blog.TestAdminCRUD" name="test_patch_post_and_publish" time="0.099" /><testcase classname="backend.tests.test_blog.TestAdminCRUD" name="test_delete_post" time="0.730" /><testcase classname="backend.tests.test_blog.TestAdminCommentModeration" name="test_status_and_delete" time="0.193" /><testcase classname="backend.tests.test_blog.TestAdminSubscribers" name="test_list_subscribers" time="0.048" /><testcase classname="backend.tests.test_blog.TestAdminAI" name="test_ai_meta" time="5.062" /><testcase classname="backend.tests.test_blog.TestAdminAI" name="test_ai_summary" time="2.349" /><testcase classname="backend.tests.test_blog.TestAdminAI" name="test_ai_keywords_returns_array" time="1.977" /><testcase classname="backend.tests.test_blog.TestAdminAI" name="test_ai_faq_returns_qa_array" time="7.919" /></testsuite></testsuites>