<?xml version="1.0" encoding="utf-8"?><testsuites name="pytest tests"><testsuite name="pytest" errors="0" failures="0" skipped="6" tests="63" time="28.794" timestamp="2026-06-11T20:25:00.863416+00:00" hostname="agent-env-649e93b3-30c7-4a60-837c-35c61c1ff3a3"><testcase classname="backend.tests.test_blog_iter10.TestOgImage" name="test_og_png_returns_image" time="0.210" /><testcase classname="backend.tests.test_blog_iter10.TestOgImage" name="test_og_dimensions_1200x630" time="0.059" /><testcase classname="backend.tests.test_blog_iter10.TestOgImage" name="test_og_cached_second_hit_faster" time="0.095" /><testcase classname="backend.tests.test_blog_iter10.TestOgImage" name="test_og_unknown_slug_404" time="0.046" /><testcase classname="backend.tests.test_blog_iter10.TestOgImage" name="test_og_draft_slug_404" time="0.529" /><testcase classname="backend.tests.test_blog_iter10.TestAuthors" name="test_authors_list_shape" time="0.043" /><testcase classname="backend.tests.test_blog_iter10.TestAuthors" name="test_author_detail_worksoy_admin" time="0.048" /><testcase classname="backend.tests.test_blog_iter10.TestAuthors" name="test_author_detail_404" time="0.041" /><testcase classname="backend.tests.test_blog_iter10.TestAuthorSlugInSummary" name="test_list_includes_author_slug" time="0.048" /><testcase classname="backend.tests.test_blog_iter10.TestAuthorSlugInSummary" name="test_detail_includes_author_slug" time="0.049" /><testcase classname="backend.tests.test_blog.TestPublicListing" name="test_blog_posts_returns_only_published" time="0.105" /><testcase classname="backend.tests.test_blog.TestPublicListing" name="test_categories_returns_counts" time="0.049" /><testcase classname="backend.tests.test_blog.TestPublicListing" name="test_tags_returns_counts" time="0.051" /><testcase classname="backend.tests.test_blog.TestPublicSinglePost" name="test_get_existing_post_increments_views" time="0.153" /><testcase classname="backend.tests.test_blog.TestPublicSinglePost" name="test_get_missing_slug_returns_404" time="0.050" /><testcase classname="backend.tests.test_blog.TestComments" name="test_normal_comment_approved" time="0.104" /><testcase classname="backend.tests.test_blog.TestComments" name="test_comment_with_url_short_body_pending" time="0.110" /><testcase classname="backend.tests.test_blog.TestComments" name="test_comment_invalid_email_422" time="0.097" /><testcase classname="backend.tests.test_blog.TestSubscribe" name="test_new_email_then_duplicate" time="0.113" /><testcase classname="backend.tests.test_blog.TestSubscribe" name="test_invalid_email_422" time="0.048" /><testcase classname="backend.tests.test_blog.TestSitemapRobots" name="test_sitemap_xml" time="0.153" /><testcase classname="backend.tests.test_blog.TestSitemapRobots" name="test_robots_txt" time="0.054" /><testcase classname="backend.tests.test_blog.TestAdminAuthGate" name="test_admin_posts_requires_auth" time="0.051" /><testcase classname="backend.tests.test_blog.TestAdminAuthGate" name="test_admin_subscribers_requires_auth" time="0.058" /><testcase classname="backend.tests.test_blog.TestAdminAuthGate" name="test_admin_ai_requires_auth" time="0.053" /><testcase classname="backend.tests.test_blog.TestAdminCRUD" name="test_create_post_auto_slug" time="0.388" /><testcase classname="backend.tests.test_blog.TestAdminCRUD" name="test_duplicate_slug_auto_suffix" time="0.122" /><testcase classname="backend.tests.test_blog.TestAdminCRUD" name="test_patch_post_and_publish" time="0.127" /><testcase classname="backend.tests.test_blog.TestAdminCRUD" name="test_delete_post" time="0.890" /><testcase classname="backend.tests.test_blog.TestAdminCommentModeration" name="test_status_and_delete" time="0.205" /><testcase classname="backend.tests.test_blog.TestAdminSubscribers" name="test_list_subscribers" time="0.053" /><testcase classname="backend.tests.test_blog.TestAdminAI" name="test_ai_meta" time="4.175" /><testcase classname="backend.tests.test_blog.TestAdminAI" name="test_ai_summary" time="3.765" /><testcase classname="backend.tests.test_blog.TestAdminAI" name="test_ai_keywords_returns_array" time="2.571" /><testcase classname="backend.tests.test_blog.TestAdminAI" name="test_ai_faq_returns_qa_array" time="7.716" /><testcase classname="backend.tests.test_blog_iter8.TestListProjection" name="test_list_does_not_include_full_content_html" time="0.155" /><testcase classname="backend.tests.test_blog_iter8.TestListProjection" name="test_single_get_returns_full_content_html" time="0.101" /><testcase classname="backend.tests.test_blog_iter8.TestBleachSanitization" name="test_post_create_strips_xss" time="0.454" /><testcase classname="backend.tests.test_blog_iter8.TestBleachSanitization" name="test_post_patch_strips_xss" time="0.100" /><testcase classname="backend.tests.test_blog_iter8.TestFaqStrictTyping" name="test_invalid_faq_returns_422" time="0.050" /><testcase classname="backend.tests.test_blog_iter8.TestFaqStrictTyping" name="test_valid_faq_persists" time="0.096" /><testcase classname="backend.tests.test_blog_iter8.TestViewCountThrottle" name="test_no_double_increment_same_ip" time="0.249" /><testcase classname="backend.tests.test_blog_iter8.TestViewCountThrottle" name="test_bot_user_agent_no_increment" time="0.523" /><testcase classname="backend.tests.test_blog_iter8.TestNewsletterBucket" name="test_five_subscribes_succeed" time="0.238" /><testcase classname="backend.tests.test_blog_iter8.TestNewsletterBucket" name="test_auth_login_independent_of_subscribe_bucket" time="0.667" /><testcase classname="backend.tests.test_blog_iter8.TestRelatedExperts" name="test_returns_array_for_seeded_post" time="0.051" /><testcase classname="backend.tests.test_blog_iter8.TestRelatedExperts" name="test_returns_array_for_first_seeded" time="0.137" /><testcase classname="backend.tests.test_blog_iter8.TestRelatedExperts" name="test_404_for_missing_slug" time="0.050" /><testcase classname="backend.tests.test_blog_iter8.TestRouterSplitSurface" name="test_public_paths" time="0.332" /><testcase classname="backend.tests.test_blog_iter8.TestRouterSplitSurface" name="test_admin_paths_require_auth" time="0.345" /><testcase classname="backend.tests.test_blog_iter8.TestRouterSplitSurface" name="test_admin_paths_with_auth" time="0.845" /><testcase classname="backend.tests.test_blog_iter9.TestPostIncrementViews" name="test_two_different_ips_increment" time="1.264" /><testcase classname="backend.tests.test_blog_iter9.TestPostIncrementViews" name="test_same_ip_no_double_inc" time="0.181" /><testcase classname="backend.tests.test_blog_iter9.TestPatchPartial" name="test_patch_only_tldr_preserves_other" time="0.059"><skipped type="pytest.skip" message="Admin login failed: 429">/app/backend/tests/test_blog_iter9.py:144: Admin login failed: 429</skipped></testcase><testcase classname="backend.tests.test_blog_iter9.TestPatchPartial" name="test_patch_empty_is_noop_200" time="0.000"><skipped type="pytest.skip" message="Admin login failed: 429">/app/backend/tests/test_blog_iter9.py:160: Admin login failed: 429</skipped></testcase><testcase classname="backend.tests.test_blog_iter9.TestPatchPartial" name="test_patch_invalid_faq_422" time="0.000"><skipped type="pytest.skip" message="Admin login failed: 429">/app/backend/tests/test_blog_iter9.py:174: Admin login failed: 429</skipped></testcase><testcase classname="backend.tests.test_blog_iter9.TestCoverUpload" name="test_upload_requires_auth" time="0.128" /><testcase classname="backend.tests.test_blog_iter9.TestCoverUpload" name="test_upload_png_success" time="0.000"><skipped type="pytest.skip" message="Admin login failed: 429">/app/backend/tests/test_blog_iter9.py:197: Admin login failed: 429</skipped></testcase><testcase classname="backend.tests.test_blog_iter9.TestCoverUpload" name="test_upload_invalid_ext_415" time="0.000"><skipped type="pytest.skip" message="Admin login failed: 429">/app/backend/tests/test_blog_iter9.py:218: Admin login failed: 429</skipped></testcase><testcase classname="backend.tests.test_blog_iter9.TestCoverUpload" name="test_upload_too_large_413" time="0.000"><skipped type="pytest.skip" message="Admin login failed: 429">/app/backend/tests/test_blog_iter9.py:226: Admin login failed: 429</skipped></testcase><testcase classname="backend.tests.test_blog_iter9.TestCoverUpload" name="test_invalid_fid_pattern_404" time="0.044" /><testcase classname="backend.tests.test_blog_iter9.TestCoverUpload" name="test_missing_asset_404" time="0.055" /><testcase classname="backend.tests.test_blog_iter9.TestRss" name="test_rss_xml_valid" time="0.101" /></testsuite></testsuites>