<?xml version="1.0" encoding="utf-8"?><testsuites name="pytest tests"><testsuite name="pytest" errors="0" failures="1" skipped="0" tests="12" time="3.591" timestamp="2026-06-11T19:54:25.007676+00:00" hostname="agent-env-649e93b3-30c7-4a60-837c-35c61c1ff3a3"><testcase classname="backend.tests.test_blog_iter9.TestPostIncrementViews" name="test_two_different_ips_increment" time="0.430" /><testcase classname="backend.tests.test_blog_iter9.TestPostIncrementViews" name="test_same_ip_no_double_inc" time="0.215" /><testcase classname="backend.tests.test_blog_iter9.TestPatchPartial" name="test_patch_only_tldr_preserves_other" time="0.468" /><testcase classname="backend.tests.test_blog_iter9.TestPatchPartial" name="test_patch_empty_is_noop_200" time="0.098" /><testcase classname="backend.tests.test_blog_iter9.TestPatchPartial" name="test_patch_invalid_faq_422" time="0.091" /><testcase classname="backend.tests.test_blog_iter9.TestCoverUpload" name="test_upload_requires_auth" time="0.141" /><testcase classname="backend.tests.test_blog_iter9.TestCoverUpload" name="test_upload_png_success" time="0.198"><failure message="AssertionError: Cache header missing: no-store, no-cache, must-revalidate&#10;assert ('max-age' in 'no-store, no-cache, must-revalidate')&#10; +  where 'no-store, no-cache, must-revalidate' = &lt;built-in method lower of str object at 0xff0c8ae66a90&gt;()&#10; +    where &lt;built-in method lower of str object at 0xff0c8ae66a90&gt; = 'no-store, no-cache, must-revalidate'.lower">backend/tests/test_blog_iter9.py:216: in test_upload_png_success
    assert "max-age" in cc.lower() and "immutable" in cc.lower(), f"Cache header missing: {cc}"
E   AssertionError: Cache header missing: no-store, no-cache, must-revalidate
E   assert ('max-age' in 'no-store, no-cache, must-revalidate')
E    +  where 'no-store, no-cache, must-revalidate' = &lt;built-in method lower of str object at 0xff0c8ae66a90&gt;()
E    +    where &lt;built-in method lower of str object at 0xff0c8ae66a90&gt; = 'no-store, no-cache, must-revalidate'.lower</failure></testcase><testcase classname="backend.tests.test_blog_iter9.TestCoverUpload" name="test_upload_invalid_ext_415" time="0.114" /><testcase classname="backend.tests.test_blog_iter9.TestCoverUpload" name="test_upload_too_large_413" time="0.660" /><testcase classname="backend.tests.test_blog_iter9.TestCoverUpload" name="test_invalid_fid_pattern_404" time="0.050" /><testcase classname="backend.tests.test_blog_iter9.TestCoverUpload" name="test_missing_asset_404" time="0.048" /><testcase classname="backend.tests.test_blog_iter9.TestRss" name="test_rss_xml_valid" time="0.951" /></testsuite></testsuites>