<?xml version="1.0" encoding="utf-8"?><testsuites name="pytest tests"><testsuite name="pytest" errors="0" failures="0" skipped="0" tests="41" time="23.966" timestamp="2026-06-11T19:21:37.499413+00:00" hostname="agent-env-649e93b3-30c7-4a60-837c-35c61c1ff3a3"><testcase classname="backend.tests.test_blog.TestPublicListing" name="test_blog_posts_returns_only_published" time="0.160" /><testcase classname="backend.tests.test_blog.TestPublicListing" name="test_categories_returns_counts" time="0.049" /><testcase classname="backend.tests.test_blog.TestPublicListing" name="test_tags_returns_counts" time="0.045" /><testcase classname="backend.tests.test_blog.TestPublicSinglePost" name="test_get_existing_post_increments_views" time="0.144" /><testcase classname="backend.tests.test_blog.TestPublicSinglePost" name="test_get_missing_slug_returns_404" time="0.045" /><testcase classname="backend.tests.test_blog.TestComments" name="test_normal_comment_approved" time="0.109" /><testcase classname="backend.tests.test_blog.TestComments" name="test_comment_with_url_short_body_pending" time="0.096" /><testcase classname="backend.tests.test_blog.TestComments" name="test_comment_invalid_email_422" time="0.091" /><testcase classname="backend.tests.test_blog.TestSubscribe" name="test_new_email_then_duplicate" time="0.099" /><testcase classname="backend.tests.test_blog.TestSubscribe" name="test_invalid_email_422" time="0.045" /><testcase classname="backend.tests.test_blog.TestSitemapRobots" name="test_sitemap_xml" time="0.144" /><testcase classname="backend.tests.test_blog.TestSitemapRobots" name="test_robots_txt" time="0.084" /><testcase classname="backend.tests.test_blog.TestAdminAuthGate" name="test_admin_posts_requires_auth" time="0.048" /><testcase classname="backend.tests.test_blog.TestAdminAuthGate" name="test_admin_subscribers_requires_auth" time="0.044" /><testcase classname="backend.tests.test_blog.TestAdminAuthGate" name="test_admin_ai_requires_auth" time="0.045" /><testcase classname="backend.tests.test_blog.TestAdminCRUD" name="test_create_post_auto_slug" time="0.418" /><testcase classname="backend.tests.test_blog.TestAdminCRUD" name="test_duplicate_slug_auto_suffix" time="0.111" /><testcase classname="backend.tests.test_blog.TestAdminCRUD" name="test_patch_post_and_publish" time="0.099" /><testcase classname="backend.tests.test_blog.TestAdminCRUD" name="test_delete_post" time="2.259" /><testcase classname="backend.tests.test_blog.TestAdminCommentModeration" name="test_status_and_delete" time="0.199" /><testcase classname="backend.tests.test_blog.TestAdminSubscribers" name="test_list_subscribers" time="0.054" /><testcase classname="backend.tests.test_blog.TestAdminAI" name="test_ai_meta" time="3.753" /><testcase classname="backend.tests.test_blog.TestAdminAI" name="test_ai_summary" time="2.210" /><testcase classname="backend.tests.test_blog.TestAdminAI" name="test_ai_keywords_returns_array" time="1.721" /><testcase classname="backend.tests.test_blog.TestAdminAI" name="test_ai_faq_returns_qa_array" time="7.516" /><testcase classname="backend.tests.test_blog_iter8.TestListProjection" name="test_list_does_not_include_full_content_html" time="0.144" /><testcase classname="backend.tests.test_blog_iter8.TestListProjection" name="test_single_get_returns_full_content_html" time="0.101" /><testcase classname="backend.tests.test_blog_iter8.TestBleachSanitization" name="test_post_create_strips_xss" time="0.396" /><testcase classname="backend.tests.test_blog_iter8.TestBleachSanitization" name="test_post_patch_strips_xss" time="0.098" /><testcase classname="backend.tests.test_blog_iter8.TestFaqStrictTyping" name="test_invalid_faq_returns_422" time="0.048" /><testcase classname="backend.tests.test_blog_iter8.TestFaqStrictTyping" name="test_valid_faq_persists" time="0.099" /><testcase classname="backend.tests.test_blog_iter8.TestViewCountThrottle" name="test_no_double_increment_same_ip" time="0.327" /><testcase classname="backend.tests.test_blog_iter8.TestViewCountThrottle" name="test_bot_user_agent_no_increment" time="0.537" /><testcase classname="backend.tests.test_blog_iter8.TestNewsletterBucket" name="test_five_subscribes_succeed" time="0.283" /><testcase classname="backend.tests.test_blog_iter8.TestNewsletterBucket" name="test_auth_login_independent_of_subscribe_bucket" time="0.572" /><testcase classname="backend.tests.test_blog_iter8.TestRelatedExperts" name="test_returns_array_for_seeded_post" time="0.053" /><testcase classname="backend.tests.test_blog_iter8.TestRelatedExperts" name="test_returns_array_for_first_seeded" time="0.093" /><testcase classname="backend.tests.test_blog_iter8.TestRelatedExperts" name="test_404_for_missing_slug" time="0.045" /><testcase classname="backend.tests.test_blog_iter8.TestRouterSplitSurface" name="test_public_paths" time="0.333" /><testcase classname="backend.tests.test_blog_iter8.TestRouterSplitSurface" name="test_admin_paths_require_auth" time="0.216" /><testcase classname="backend.tests.test_blog_iter8.TestRouterSplitSurface" name="test_admin_paths_with_auth" time="0.903" /></testsuite></testsuites>