<?xml version="1.0" encoding="utf-8"?><testsuites name="pytest tests"><testsuite name="pytest" errors="0" failures="0" skipped="0" tests="16" time="4.987" timestamp="2026-06-11T19:19:37.020621+00:00" hostname="agent-env-649e93b3-30c7-4a60-837c-35c61c1ff3a3"><testcase classname="backend.tests.test_blog_iter8.TestListProjection" name="test_list_does_not_include_full_content_html" time="0.270" /><testcase classname="backend.tests.test_blog_iter8.TestListProjection" name="test_single_get_returns_full_content_html" time="0.143" /><testcase classname="backend.tests.test_blog_iter8.TestBleachSanitization" name="test_post_create_strips_xss" time="0.435" /><testcase classname="backend.tests.test_blog_iter8.TestBleachSanitization" name="test_post_patch_strips_xss" time="0.187" /><testcase classname="backend.tests.test_blog_iter8.TestFaqStrictTyping" name="test_invalid_faq_returns_422" time="0.050" /><testcase classname="backend.tests.test_blog_iter8.TestFaqStrictTyping" name="test_valid_faq_persists" time="0.121" /><testcase classname="backend.tests.test_blog_iter8.TestViewCountThrottle" name="test_no_double_increment_same_ip" time="0.281" /><testcase classname="backend.tests.test_blog_iter8.TestViewCountThrottle" name="test_bot_user_agent_no_increment" time="0.551" /><testcase classname="backend.tests.test_blog_iter8.TestNewsletterBucket" name="test_five_subscribes_succeed" time="0.349" /><testcase classname="backend.tests.test_blog_iter8.TestNewsletterBucket" name="test_auth_login_independent_of_subscribe_bucket" time="0.730" /><testcase classname="backend.tests.test_blog_iter8.TestRelatedExperts" name="test_returns_array_for_seeded_post" time="0.073" /><testcase classname="backend.tests.test_blog_iter8.TestRelatedExperts" name="test_returns_array_for_first_seeded" time="0.134" /><testcase classname="backend.tests.test_blog_iter8.TestRelatedExperts" name="test_404_for_missing_slug" time="0.072" /><testcase classname="backend.tests.test_blog_iter8.TestRouterSplitSurface" name="test_public_paths" time="0.486" /><testcase classname="backend.tests.test_blog_iter8.TestRouterSplitSurface" name="test_admin_paths_require_auth" time="0.201" /><testcase classname="backend.tests.test_blog_iter8.TestRouterSplitSurface" name="test_admin_paths_with_auth" time="0.797" /></testsuite></testsuites>