<?xml version="1.0" encoding="utf-8"?><testsuites name="pytest tests"><testsuite name="pytest" errors="0" failures="0" skipped="0" tests="11" time="3.566" timestamp="2026-06-11T07:31:36.257372+00:00" hostname="agent-env-e9dbddd0-8a69-4c37-9baa-eca9f6a0a6f4"><testcase classname="backend.tests.test_managed_funnel.TestManagedLead" name="test_managed_lead_creates_submission_and_admin_notification" time="0.856" /><testcase classname="backend.tests.test_managed_funnel.TestManagedLead" name="test_general_contact_does_not_notify_admin" time="0.374" /><testcase classname="backend.tests.test_managed_funnel.TestPoolApply" name="test_my_application_anonymous_returns_null" time="0.099" /><testcase classname="backend.tests.test_managed_funnel.TestPoolApply" name="test_apply_creates_pending_application_and_notification" time="0.829" /><testcase classname="backend.tests.test_managed_funnel.TestPoolApply" name="test_duplicate_apply_returns_400" time="0.097" /><testcase classname="backend.tests.test_managed_funnel.TestAdminManagedAdmin" name="test_admin_list_pool_applications" time="0.114" /><testcase classname="backend.tests.test_managed_funnel.TestAdminManagedAdmin" name="test_admin_list_pool_applications_requires_admin" time="0.109" /><testcase classname="backend.tests.test_managed_funnel.TestAdminManagedAdmin" name="test_admin_set_pool_application_status" time="0.334" /><testcase classname="backend.tests.test_managed_funnel.TestAdminManagedAdmin" name="test_admin_set_pool_app_404" time="0.106" /><testcase classname="backend.tests.test_managed_funnel.TestAdminManagedAdmin" name="test_admin_list_contact_submissions_filter_managed" time="0.105" /><testcase classname="backend.tests.test_managed_funnel.TestAdminManagedAdmin" name="test_admin_mark_contact_handled" time="0.366" /></testsuite></testsuites>