<?xml version="1.0" encoding="utf-8"?><testsuites name="pytest tests"><testsuite name="pytest" errors="0" failures="0" skipped="0" tests="14" time="1.969" timestamp="2026-04-24T05:31:47.935281+00:00" hostname="agent-env-e9dbddd0-8a69-4c37-9baa-eca9f6a0a6f4"><testcase classname="backend.tests.backend_test.TestHealth" name="test_health_ok" time="0.146" /><testcase classname="backend.tests.backend_test.TestExperts" name="test_list_returns_25_with_required_fields" time="0.046" /><testcase classname="backend.tests.backend_test.TestExperts" name="test_filter_by_category_design_ux" time="0.045" /><testcase classname="backend.tests.backend_test.TestExperts" name="test_search_q_tax" time="0.043" /><testcase classname="backend.tests.backend_test.TestExperts" name="test_sort_rate_asc_and_desc" time="0.092" /><testcase classname="backend.tests.backend_test.TestExperts" name="test_categories_aggregation" time="0.044" /><testcase classname="backend.tests.backend_test.TestExperts" name="test_get_expert_by_id_and_404" time="0.132" /><testcase classname="backend.tests.backend_test.TestAuth" name="test_register_creates_user_returns_token" time="0.293" /><testcase classname="backend.tests.backend_test.TestAuth" name="test_register_existing_email_400" time="0.042" /><testcase classname="backend.tests.backend_test.TestAuth" name="test_login_seeded_user_or_register" time="0.266" /><testcase classname="backend.tests.backend_test.TestAuth" name="test_login_wrong_password_401" time="0.264" /><testcase classname="backend.tests.backend_test.TestAuth" name="test_me_with_bearer" time="0.108" /><testcase classname="backend.tests.backend_test.TestAuth" name="test_me_without_token_401" time="0.116" /><testcase classname="backend.tests.backend_test.TestAuth" name="test_logout_invalidates_session" time="0.207" /></testsuite></testsuites>