<?xml version="1.0" encoding="utf-8"?><testsuites name="pytest tests"><testsuite name="pytest" errors="0" failures="0" skipped="0" tests="18" time="9.749" timestamp="2026-04-24T08:33:44.081764+00:00" hostname="agent-env-e9dbddd0-8a69-4c37-9baa-eca9f6a0a6f4"><testcase classname="backend.tests.test_worksoy_iter3.TestNotifications" name="test_auth_required" time="0.408" /><testcase classname="backend.tests.test_worksoy_iter3.TestNotifications" name="test_proposal_new_triggers_client_notification" time="1.619" /><testcase classname="backend.tests.test_worksoy_iter3.TestNotifications" name="test_proposal_accepted_triggers_expert_notification" time="0.113" /><testcase classname="backend.tests.test_worksoy_iter3.TestNotifications" name="test_unread_count_shape" time="0.139" /><testcase classname="backend.tests.test_worksoy_iter3.TestNotifications" name="test_mark_single_read" time="0.384" /><testcase classname="backend.tests.test_worksoy_iter3.TestNotifications" name="test_mark_read_404_for_unknown_or_other_user" time="0.313" /><testcase classname="backend.tests.test_worksoy_iter3.TestNotifications" name="test_mark_all_read" time="0.207" /><testcase classname="backend.tests.test_worksoy_iter3.TestNotifications" name="test_rejected_proposal_notifies_expert" time="0.430" /><testcase classname="backend.tests.test_worksoy_iter3.TestFileUpload" name="test_upload_requires_auth" time="0.103" /><testcase classname="backend.tests.test_worksoy_iter3.TestFileUpload" name="test_upload_rejects_stranger_scope" time="0.433" /><testcase classname="backend.tests.test_worksoy_iter3.TestFileUpload" name="test_upload_and_download_happy_path" time="0.783" /><testcase classname="backend.tests.test_worksoy_iter3.TestFileUpload" name="test_attach_file_to_message" time="0.455" /><testcase classname="backend.tests.test_worksoy_iter3.TestFileUpload" name="test_too_large_upload_returns_413" time="0.892" /><testcase classname="backend.tests.test_worksoy_iter3.TestReviews" name="test_cannot_review_active_contract" time="0.102" /><testcase classname="backend.tests.test_worksoy_iter3.TestReviews" name="test_review_after_admin_forces_completion" time="1.272" /><testcase classname="backend.tests.test_worksoy_iter3.TestDisputes" name="test_cannot_dispute_pending_milestone" time="0.509" /><testcase classname="backend.tests.test_worksoy_iter3.TestDisputes" name="test_dispute_release_flow" time="0.858" /><testcase classname="backend.tests.test_worksoy_iter3.TestDisputes" name="test_dispute_refund_flow" time="0.631" /></testsuite></testsuites>