<?xml version="1.0" encoding="utf-8"?><testsuites name="pytest tests"><testsuite name="pytest" errors="0" failures="0" skipped="0" tests="29" time="8.585" timestamp="2026-05-25T16:09:27.593052+00:00" hostname="agent-env-cd814fad-53df-4a80-bc29-ddcddb318283"><testcase classname="backend.tests.test_worksoy_vetting.TestSmoke" name="test_health" time="0.142" /><testcase classname="backend.tests.test_worksoy_vetting.TestSmoke" name="test_admin_login" time="0.366" /><testcase classname="backend.tests.test_worksoy_vetting.TestSmoke" name="test_register_and_login_roundtrip" time="0.858" /><testcase classname="backend.tests.test_worksoy_vetting.TestExpertsDirectory" name="test_lists_25_approved_experts" time="0.121" /><testcase classname="backend.tests.test_worksoy_vetting.TestExpertsDirectory" name="test_unverified_expert_hidden" time="0.123" /><testcase classname="backend.tests.test_worksoy_vetting.TestVettingFlow" name="test_get_my_vetting_when_no_profile_returns_404" time="0.476" /><testcase classname="backend.tests.test_worksoy_vetting.TestVettingFlow" name="test_upsert_profile_starts_application" time="0.108" /><testcase classname="backend.tests.test_worksoy_vetting.TestVettingFlow" name="test_profile_isPublished_false_and_verified_false" time="0.109" /><testcase classname="backend.tests.test_worksoy_vetting.TestVettingFlow" name="test_submit_language" time="0.120" /><testcase classname="backend.tests.test_worksoy_vetting.TestVettingFlow" name="test_submit_skill" time="0.110" /><testcase classname="backend.tests.test_worksoy_vetting.TestVettingFlow" name="test_admin_lists_screening_applications" time="0.119" /><testcase classname="backend.tests.test_worksoy_vetting.TestVettingFlow" name="test_admin_record_screening_call" time="0.273" /><testcase classname="backend.tests.test_worksoy_vetting.TestVettingFlow" name="test_admin_assign_test_project" time="0.440" /><testcase classname="backend.tests.test_worksoy_vetting.TestVettingFlow" name="test_expert_submit_test_project" time="0.272" /><testcase classname="backend.tests.test_worksoy_vetting.TestVettingFlow" name="test_admin_review_test_project_passed" time="0.111" /><testcase classname="backend.tests.test_worksoy_vetting.TestVettingFlow" name="test_admin_advance_to_approved" time="0.233" /><testcase classname="backend.tests.test_worksoy_vetting.TestVettingFlow" name="test_approved_expert_now_in_directory" time="0.129" /><testcase classname="backend.tests.test_worksoy_vetting.TestHardGate" name="test_unverified_expert_cannot_propose" time="1.075" /><testcase classname="backend.tests.test_worksoy_vetting.TestHardGate" name="test_approved_expert_can_propose" time="0.125" /><testcase classname="backend.tests.test_worksoy_vetting.TestRejectPath" name="test_admin_reject_application" time="1.063" /><testcase classname="backend.tests.test_worksoy_vetting.TestAdminAuthZ" name="test_non_admin_blocked" time="0.116" /><testcase classname="backend.tests.test_worksoy_vetting.TestAdminAuthZ" name="test_unauth_blocked" time="0.150" /><testcase classname="backend.tests.test_worksoy_vetting.TestEarningsInvoices" name="test_earnings_zero_for_fresh_expert" time="0.140" /><testcase classname="backend.tests.test_worksoy_vetting.TestEarningsInvoices" name="test_invoices_empty_for_fresh_expert" time="0.124" /><testcase classname="backend.tests.test_worksoy_vetting.TestShortlists" name="test_initial_empty" time="0.166" /><testcase classname="backend.tests.test_worksoy_vetting.TestShortlists" name="test_add_and_get" time="0.373" /><testcase classname="backend.tests.test_worksoy_vetting.TestShortlists" name="test_duplicate_blocked" time="0.128" /><testcase classname="backend.tests.test_worksoy_vetting.TestShortlists" name="test_delete" time="0.254" /><testcase classname="backend.tests.test_worksoy_vetting.TestSavedSearches" name="test_full_crud" time="0.636" /></testsuite></testsuites>