<?xml version="1.0" encoding="utf-8"?><testsuites name="pytest tests"><testsuite name="pytest" errors="0" failures="1" skipped="0" tests="36" time="38.870" timestamp="2026-04-24T08:09:51.779126+00:00" hostname="agent-env-e9dbddd0-8a69-4c37-9baa-eca9f6a0a6f4"><testcase classname="backend.tests.test_worksoy_flows.TestAdminAuth" name="test_admin_login_ok" time="0.500" /><testcase classname="backend.tests.test_worksoy_flows.TestExpertProfile" name="test_upsert_expert_profile_and_role_upgrade" time="0.653" /><testcase classname="backend.tests.test_worksoy_flows.TestBriefs" name="test_create_brief_ok" time="0.538" /><testcase classname="backend.tests.test_worksoy_flows.TestBriefs" name="test_create_brief_rejects_bad_budget" time="0.103" /><testcase classname="backend.tests.test_worksoy_flows.TestBriefs" name="test_create_brief_requires_auth" time="0.107" /><testcase classname="backend.tests.test_worksoy_flows.TestBriefs" name="test_list_open_briefs" time="0.101" /><testcase classname="backend.tests.test_worksoy_flows.TestBriefs" name="test_filter_by_category" time="0.103" /><testcase classname="backend.tests.test_worksoy_flows.TestBriefs" name="test_filter_by_q" time="0.100" /><testcase classname="backend.tests.test_worksoy_flows.TestBriefs" name="test_mine_requires_auth" time="0.104" /><testcase classname="backend.tests.test_worksoy_flows.TestBriefs" name="test_mine_returns_current_user_briefs" time="0.102" /><testcase classname="backend.tests.test_worksoy_flows.TestBriefs" name="test_get_brief_by_id" time="0.103" /><testcase classname="backend.tests.test_worksoy_flows.TestBriefs" name="test_get_brief_404" time="0.101" /><testcase classname="backend.tests.test_worksoy_flows.TestProposals" name="test_cannot_propose_to_own_brief" time="0.107" /><testcase classname="backend.tests.test_worksoy_flows.TestProposals" name="test_expert_submits_proposal" time="0.208" /><testcase classname="backend.tests.test_worksoy_flows.TestProposals" name="test_duplicate_proposal_rejected" time="0.127" /><testcase classname="backend.tests.test_worksoy_flows.TestProposals" name="test_owner_only_sees_proposals" time="0.209" /><testcase classname="backend.tests.test_worksoy_flows.TestAcceptFlow" name="test_non_owner_cannot_accept" time="0.106" /><testcase classname="backend.tests.test_worksoy_flows.TestAcceptFlow" name="test_owner_accepts_creates_contract" time="0.220" /><testcase classname="backend.tests.test_worksoy_flows.TestAcceptFlow" name="test_contract_has_two_milestones_25_75" time="0.101" /><testcase classname="backend.tests.test_worksoy_flows.TestAcceptFlow" name="test_contracts_mine_includes_for_both_parties" time="0.197" /><testcase classname="backend.tests.test_worksoy_flows.TestAcceptFlow" name="test_contract_detail_forbidden_for_outsider" time="0.427" /><testcase classname="backend.tests.test_worksoy_flows.TestPayments" name="test_checkout_only_client_can_fund" time="0.829" /><testcase classname="backend.tests.test_worksoy_flows.TestPayments" name="test_payment_status_authz_and_response" time="0.427"><failure message="AssertionError: Internal Server Error&#10;assert 500 == 200&#10; +  where 500 = &lt;Response [500]&gt;.status_code">E   AssertionError: Internal Server Error
    assert 500 == 200
     +  where 500 = &lt;Response [500]&gt;.status_code</failure></testcase><testcase classname="backend.tests.test_worksoy_flows.TestMilestoneTransitions" name="test_submit_requires_funded" time="0.212" /><testcase classname="backend.tests.test_worksoy_flows.TestMilestoneTransitions" name="test_submit_forbidden_for_non_expert" time="0.213" /><testcase classname="backend.tests.test_worksoy_flows.TestMilestoneTransitions" name="test_release_forbidden_for_non_client" time="0.206" /><testcase classname="backend.tests.test_worksoy_flows.TestMilestoneTransitions" name="test_release_requires_funded_or_submitted" time="0.206" /><testcase classname="backend.tests.test_worksoy_flows.TestMessages" name="test_conversations_mine" time="0.209" /><testcase classname="backend.tests.test_worksoy_flows.TestMessages" name="test_send_and_read_message" time="0.300" /><testcase classname="backend.tests.test_worksoy_flows.TestMessages" name="test_messages_require_participant" time="0.531" /><testcase classname="backend.tests.test_worksoy_flows.TestAdmin" name="test_stats_requires_admin" time="0.102" /><testcase classname="backend.tests.test_worksoy_flows.TestAdmin" name="test_stats_ok_for_admin" time="0.095" /><testcase classname="backend.tests.test_worksoy_flows.TestAdmin" name="test_list_experts_and_vetting_queue" time="0.224" /><testcase classname="backend.tests.test_worksoy_flows.TestAdmin" name="test_verify_and_unverify_expert" time="0.314" /><testcase classname="backend.tests.test_worksoy_flows.TestAdmin" name="test_admin_list_briefs" time="0.101" /><testcase classname="backend.tests.test_worksoy_flows.TestRejectProposal" name="test_reject_is_owner_only" time="30.466" /></testsuite></testsuites>